<?xml version="1.0" encoding="UTF-8"?>
<!-- Generated by org.testng.reporters.JUnitReportReporter -->
<testsuite skipped="0" hostname="DESKTOP-VKG514M" name="com.test.LandingPageTest" tests="3" failures="0" timestamp="2020-08-07T23:52:10 IST" time="0.028" errors="0">
  <testcase name="tc1" time="0.015" classname="com.test.LandingPageTest"/>
  <system-out/>
  <testcase name="tc2" time="0.009" classname="com.test.LandingPageTest"/>
  <system-out/>
  <testcase name="tc3" time="0.004" classname="com.test.LandingPageTest"/>
  <system-out/>
</testsuite> <!-- com.test.LandingPageTest -->
